00:00:00.101740 VirtualBox GUI (separate) 7.2.0 r170228 win.amd64 (Aug 13 2025 21:53:30) release log
00:00:00.101741 Log opened 2025-08-26T20:24:29.466467600Z
00:00:00.101742 Build Type: release
00:00:00.101743 OS Product: Windows 11
00:00:00.101804 OS Release: 10.0.22631.5472
00:00:00.101805 OS Service Pack: 
00:00:00.107708 DMI Product Name: MS-7D67
00:00:00.109736 DMI Product Version: 1.0
00:00:00.109750 Firmware type: UEFI
00:00:00.109978 Secure Boot: Enabled
00:00:00.109986 Host RAM: 31907MB (31.1GB) total, 17435MB (17.0GB) available
00:00:00.109988 Executable: C:\Program Files\Oracle\VirtualBox\VirtualBoxVM.exe
00:00:00.109989 Process ID: 26040
00:00:00.109989 Package type: WINDOWS_64BITS_GENERIC
00:00:00.109989 Windows Features:
00:00:00.109989   Core Isolation (Memory Integrity): ENABLED
00:00:00.110410 GUI: UIMediumEnumerator: Initial medium-enumeration finished!
00:00:00.117183 GUI: UIMediumEnumerator: Medium-enumeration started...
00:00:00.570376 GUI: UIFrameBufferPrivate::performResize: Size=640x480, Using fallback buffer since no source bitmap is provided
00:00:00.571863 DnD: User Interface Privilege Isolation (UIPI) is running with SECURITY_MANDATORY_HIGH_RID
00:00:00.571871 DnD: Warning: The VM process' integrity level is higher than most regular processes on the system. This means that drag'n drop most likely will not work with other applications!
00:00:00.572054 GUI: UIMachineViewNormal::resendSizeHint: Restoring guest size-hint for screen 0 to 800x600
00:00:00.703879 GUI: UIMediumEnumerator: Medium-enumeration finished!
00:00:00.703895 GUI: UIFrameBufferPrivate::performResize: Size=1280x800, Using fallback buffer since no source bitmap is provided
00:00:00.733625 GUI: UISession::sltAdditionsChange: GA state doesn't really changed, still notifying listeners.
00:00:00.733638 GUI: UIMachineLogicNormal::sltCheckForRequestedVisualStateType: Requested-state=1, Machine-state=6
00:00:00.749674 GUI: UIMachineLogicNormal::sltCheckForRequestedVisualStateType: Requested-state=1, Machine-state=6
00:00:01.046778 GUI: UIMediumEnumerator: Medium-enumeration finished!
00:00:05.709279 GUI: UISession::sltAdditionsChange: GA state doesn't really changed, still notifying listeners.
00:00:05.709291 GUI: UIMachineLogicNormal::sltCheckForRequestedVisualStateType: Requested-state=1, Machine-state=6
00:00:05.709412 GUI: UISession::sltAdditionsChange: GA state doesn't really changed, still notifying listeners.
00:00:05.709421 GUI: UIMachineLogicNormal::sltCheckForRequestedVisualStateType: Requested-state=1, Machine-state=6
00:00:05.709788 GUI: UISession::sltAdditionsChange: GA state really changed, notifying listeners.
00:00:05.709805 GUI: UIMachineViewNormal::adjustGuestScreenSize: Adjust guest-screen size if necessary
00:00:05.709846 GUI: UIMachineLogicNormal::sltCheckForRequestedVisualStateType: Requested-state=1, Machine-state=6
00:00:19.984704 GUI: UIMediumEnumerator: Medium-enumeration finished!
00:06:26.996800 GUI: UISession::sltAdditionsChange: GA state doesn't really changed, still notifying listeners.
00:06:26.996815 GUI: UIMachineLogicNormal::sltCheckForRequestedVisualStateType: Requested-state=1, Machine-state=6
00:06:27.033534 GUI: UISession::sltAdditionsChange: GA state doesn't really changed, still notifying listeners.
00:06:27.033542 GUI: UIMachineLogicNormal::sltCheckForRequestedVisualStateType: Requested-state=1, Machine-state=6
00:06:27.034005 GUI: UISession::sltAdditionsChange: GA state doesn't really changed, still notifying listeners.
00:06:27.034013 GUI: UIMachineLogicNormal::sltCheckForRequestedVisualStateType: Requested-state=1, Machine-state=6
00:06:35.232281 GUI: UIMediumEnumerator: Medium-enumeration finished!
00:06:35.486438 GUI: UIFrameBufferPrivate::performResize: Size=1280x800, Using fallback buffer since no source bitmap is provided
00:06:35.488218 GUI: UISession::sltAdditionsChange: GA state really changed, notifying listeners.
00:06:35.488238 GUI: UIMachineViewNormal::adjustGuestScreenSize: Adjust guest-screen size if necessary
00:06:35.488269 GUI: UIMachineLogicNormal::sltCheckForRequestedVisualStateType: Requested-state=1, Machine-state=6
00:06:35.488315 GUI: UIFrameBufferPrivate::performResize: Size=720x400, Using fallback buffer since no source bitmap is provided
00:06:35.506205 GUI: UIMachineLogic: Guest-screen count changed
00:06:35.832827 GUI: UIMediumEnumerator: Medium-enumeration finished!
00:06:36.113001 GUI: UIFrameBufferPrivate::performResize: Size=720x400, Using fallback buffer since no source bitmap is provided
00:06:36.136371 GUI: UIFrameBufferPrivate::performResize: Size=640x480, Using fallback buffer since no source bitmap is provided
00:06:36.469721 GUI: UIMediumEnumerator: Medium-enumeration finished!
00:06:38.142411 GUI: UIFrameBufferPrivate::performResize: Size=720x400, Using fallback buffer since no source bitmap is provided
00:06:38.162811 GUI: UIFrameBufferPrivate::performResize: Size=720x400, Using fallback buffer since no source bitmap is provided
00:06:38.183571 GUI: UIFrameBufferPrivate::performResize: Size=720x400, Using fallback buffer since no source bitmap is provided
00:06:38.204202 GUI: UIFrameBufferPrivate::performResize: Size=720x400, Using fallback buffer since no source bitmap is provided
00:06:38.224561 GUI: UIFrameBufferPrivate::performResize: Size=720x400, Using fallback buffer since no source bitmap is provided
00:06:38.245811 GUI: UIFrameBufferPrivate::performResize: Size=720x400, Using fallback buffer since no source bitmap is provided
00:06:38.266930 GUI: UIFrameBufferPrivate::performResize: Size=720x400, Using fallback buffer since no source bitmap is provided
00:06:38.287473 GUI: UIFrameBufferPrivate::performResize: Size=720x400, Using fallback buffer since no source bitmap is provided
00:06:38.308256 GUI: UIFrameBufferPrivate::performResize: Size=720x400, Using fallback buffer since no source bitmap is provided
00:06:38.329292 GUI: UIFrameBufferPrivate::performResize: Size=720x400, Using fallback buffer since no source bitmap is provided
00:06:38.350312 GUI: UIFrameBufferPrivate::performResize: Size=720x400, Using fallback buffer since no source bitmap is provided
00:06:38.370626 GUI: UIFrameBufferPrivate::performResize: Size=720x400, Using fallback buffer since no source bitmap is provided
00:06:38.391873 GUI: UIFrameBufferPrivate::performResize: Size=720x400, Using fallback buffer since no source bitmap is provided
00:06:38.412315 GUI: UIFrameBufferPrivate::performResize: Size=720x400, Using fallback buffer since no source bitmap is provided
00:06:38.433305 GUI: UIFrameBufferPrivate::performResize: Size=720x400, Using fallback buffer since no source bitmap is provided
00:06:38.454278 GUI: UIFrameBufferPrivate::performResize: Size=720x400, Using fallback buffer since no source bitmap is provided
00:06:38.482149 GUI: UIFrameBufferPrivate::performResize: Size=720x400, Using fallback buffer since no source bitmap is provided
00:06:38.483051 GUI: UIMediumEnumerator: Medium-enumeration finished!
00:06:38.495876 GUI: UIFrameBufferPrivate::performResize: Size=640x480, Using fallback buffer since no source bitmap is provided
00:06:38.814440 GUI: UIMediumEnumerator: Medium-enumeration finished!
00:06:39.723163 GUI: UIFrameBufferPrivate::performResize: Size=720x400, Using fallback buffer since no source bitmap is provided
00:06:39.743659 GUI: UIFrameBufferPrivate::performResize: Size=720x400, Using fallback buffer since no source bitmap is provided
00:06:39.764236 GUI: UIFrameBufferPrivate::performResize: Size=720x400, Using fallback buffer since no source bitmap is provided
00:06:39.784878 GUI: UIFrameBufferPrivate::performResize: Size=720x400, Using fallback buffer since no source bitmap is provided
00:06:39.805507 GUI: UIFrameBufferPrivate::performResize: Size=720x400, Using fallback buffer since no source bitmap is provided
00:06:39.826068 GUI: UIFrameBufferPrivate::performResize: Size=720x400, Using fallback buffer since no source bitmap is provided
00:06:39.846718 GUI: UIFrameBufferPrivate::performResize: Size=720x400, Using fallback buffer since no source bitmap is provided
00:06:39.867289 GUI: UIFrameBufferPrivate::performResize: Size=720x400, Using fallback buffer since no source bitmap is provided
00:06:39.887788 GUI: UIFrameBufferPrivate::performResize: Size=720x400, Using fallback buffer since no source bitmap is provided
00:06:39.907142 GUI: UIFrameBufferPrivate::performResize: Size=720x400, Using fallback buffer since no source bitmap is provided
00:06:39.927149 GUI: UIFrameBufferPrivate::performResize: Size=720x400, Using fallback buffer since no source bitmap is provided
00:06:39.948084 GUI: UIFrameBufferPrivate::performResize: Size=720x400, Using fallback buffer since no source bitmap is provided
00:06:39.968669 GUI: UIFrameBufferPrivate::performResize: Size=720x400, Using fallback buffer since no source bitmap is provided
00:06:39.988304 GUI: UIFrameBufferPrivate::performResize: Size=720x400, Using fallback buffer since no source bitmap is provided
00:06:40.008306 GUI: UIFrameBufferPrivate::performResize: Size=720x400, Using fallback buffer since no source bitmap is provided
00:06:40.036902 GUI: UIFrameBufferPrivate::performResize: Size=720x400, Using fallback buffer since no source bitmap is provided
00:06:40.057824 GUI: UIFrameBufferPrivate::performResize: Size=720x400, Using fallback buffer since no source bitmap is provided
00:06:40.059071 GUI: UIMediumEnumerator: Medium-enumeration finished!
00:06:40.076825 GUI: UIFrameBufferPrivate::performResize: Size=720x400, Using fallback buffer since no source bitmap is provided
00:06:40.096465 GUI: UIFrameBufferPrivate::performResize: Size=720x400, Using fallback buffer since no source bitmap is provided
00:06:40.116151 GUI: UIFrameBufferPrivate::performResize: Size=720x400, Using fallback buffer since no source bitmap is provided
00:06:40.136151 GUI: UIFrameBufferPrivate::performResize: Size=720x400, Using fallback buffer since no source bitmap is provided
00:06:40.157494 GUI: UIFrameBufferPrivate::performResize: Size=720x400, Using fallback buffer since no source bitmap is provided
00:06:40.177492 GUI: UIFrameBufferPrivate::performResize: Size=720x400, Using fallback buffer since no source bitmap is provided
00:06:40.232268 GUI: UIFrameBufferPrivate::performResize: Size=720x400, Using fallback buffer since no source bitmap is provided
00:06:40.258352 GUI: UIFrameBufferPrivate::performResize: Size=720x400, Using fallback buffer since no source bitmap is provided
00:06:40.278854 GUI: UIFrameBufferPrivate::performResize: Size=720x400, Using fallback buffer since no source bitmap is provided
00:06:40.298466 GUI: UIFrameBufferPrivate::performResize: Size=720x400, Using fallback buffer since no source bitmap is provided
00:06:40.320156 GUI: UIFrameBufferPrivate::performResize: Size=720x400, Using fallback buffer since no source bitmap is provided
00:06:40.340678 GUI: UIFrameBufferPrivate::performResize: Size=720x400, Using fallback buffer since no source bitmap is provided
00:06:40.361257 GUI: UIFrameBufferPrivate::performResize: Size=720x400, Using fallback buffer since no source bitmap is provided
00:06:40.381920 GUI: UIFrameBufferPrivate::performResize: Size=720x400, Using fallback buffer since no source bitmap is provided
00:06:40.402538 GUI: UIFrameBufferPrivate::performResize: Size=720x400, Using fallback buffer since no source bitmap is provided
00:06:40.423028 GUI: UIFrameBufferPrivate::performResize: Size=720x400, Using fallback buffer since no source bitmap is provided
00:06:40.443613 GUI: UIFrameBufferPrivate::performResize: Size=720x400, Using fallback buffer since no source bitmap is provided
00:06:40.464235 GUI: UIFrameBufferPrivate::performResize: Size=720x400, Using fallback buffer since no source bitmap is provided
00:06:40.487794 GUI: UIFrameBufferPrivate::performResize: Size=720x400, Using fallback buffer since no source bitmap is provided
00:06:40.507147 GUI: UIFrameBufferPrivate::performResize: Size=720x400, Using fallback buffer since no source bitmap is provided
00:06:40.530613 GUI: UIFrameBufferPrivate::performResize: Size=720x400, Using fallback buffer since no source bitmap is provided
00:06:40.550829 GUI: UIFrameBufferPrivate::performResize: Size=720x400, Using fallback buffer since no source bitmap is provided
00:06:40.570285 GUI: UIFrameBufferPrivate::performResize: Size=720x400, Using fallback buffer since no source bitmap is provided
00:06:40.592896 GUI: UIFrameBufferPrivate::performResize: Size=720x400, Using fallback buffer since no source bitmap is provided
00:06:40.617466 GUI: UIFrameBufferPrivate::performResize: Size=720x400, Using fallback buffer since no source bitmap is provided
00:06:40.639625 GUI: UIFrameBufferPrivate::performResize: Size=720x400, Using fallback buffer since no source bitmap is provided
00:06:40.660609 GUI: UIFrameBufferPrivate::performResize: Size=720x400, Using fallback buffer since no source bitmap is provided
00:06:40.681242 GUI: UIFrameBufferPrivate::performResize: Size=720x400, Using fallback buffer since no source bitmap is provided
00:06:40.701731 GUI: UIFrameBufferPrivate::performResize: Size=720x400, Using fallback buffer since no source bitmap is provided
00:06:40.722543 GUI: UIFrameBufferPrivate::performResize: Size=720x400, Using fallback buffer since no source bitmap is provided
00:06:40.743341 GUI: UIFrameBufferPrivate::performResize: Size=720x400, Using fallback buffer since no source bitmap is provided
00:06:40.763784 GUI: UIFrameBufferPrivate::performResize: Size=720x400, Using fallback buffer since no source bitmap is provided
00:06:40.784270 GUI: UIFrameBufferPrivate::performResize: Size=720x400, Using fallback buffer since no source bitmap is provided
00:06:40.805030 GUI: UIFrameBufferPrivate::performResize: Size=720x400, Using fallback buffer since no source bitmap is provided
00:06:40.825418 GUI: UIFrameBufferPrivate::performResize: Size=720x400, Using fallback buffer since no source bitmap is provided
00:06:40.845539 GUI: UIFrameBufferPrivate::performResize: Size=720x400, Using fallback buffer since no source bitmap is provided
00:06:40.865128 GUI: UIFrameBufferPrivate::performResize: Size=720x400, Using fallback buffer since no source bitmap is provided
00:06:40.885340 GUI: UIFrameBufferPrivate::performResize: Size=720x400, Using fallback buffer since no source bitmap is provided
00:06:40.905371 GUI: UIFrameBufferPrivate::performResize: Size=720x400, Using fallback buffer since no source bitmap is provided
00:06:40.925174 GUI: UIFrameBufferPrivate::performResize: Size=720x400, Using fallback buffer since no source bitmap is provided
00:06:40.945579 GUI: UIFrameBufferPrivate::performResize: Size=720x400, Using fallback buffer since no source bitmap is provided
00:06:40.965313 GUI: UIFrameBufferPrivate::performResize: Size=720x400, Using fallback buffer since no source bitmap is provided
00:06:40.985797 GUI: UIFrameBufferPrivate::performResize: Size=720x400, Using fallback buffer since no source bitmap is provided
00:06:41.005433 GUI: UIFrameBufferPrivate::performResize: Size=720x400, Using fallback buffer since no source bitmap is provided
00:06:41.025135 GUI: UIFrameBufferPrivate::performResize: Size=720x400, Using fallback buffer since no source bitmap is provided
00:06:41.045658 GUI: UIFrameBufferPrivate::performResize: Size=720x400, Using fallback buffer since no source bitmap is provided
00:06:41.065748 GUI: UIFrameBufferPrivate::performResize: Size=720x400, Using fallback buffer since no source bitmap is provided
00:06:41.085368 GUI: UIFrameBufferPrivate::performResize: Size=720x400, Using fallback buffer since no source bitmap is provided
00:06:41.105222 GUI: UIFrameBufferPrivate::performResize: Size=720x400, Using fallback buffer since no source bitmap is provided
00:06:41.125630 GUI: UIFrameBufferPrivate::performResize: Size=720x400, Using fallback buffer since no source bitmap is provided
00:06:41.145310 GUI: UIFrameBufferPrivate::performResize: Size=720x400, Using fallback buffer since no source bitmap is provided
00:06:41.165825 GUI: UIFrameBufferPrivate::performResize: Size=720x400, Using fallback buffer since no source bitmap is provided
00:06:41.186424 GUI: UIFrameBufferPrivate::performResize: Size=720x400, Using fallback buffer since no source bitmap is provided
00:06:41.206129 GUI: UIFrameBufferPrivate::performResize: Size=720x400, Using fallback buffer since no source bitmap is provided
00:06:41.226824 GUI: UIFrameBufferPrivate::performResize: Size=720x400, Using fallback buffer since no source bitmap is provided
00:06:41.246746 GUI: UIFrameBufferPrivate::performResize: Size=720x400, Using fallback buffer since no source bitmap is provided
00:06:41.266849 GUI: UIFrameBufferPrivate::performResize: Size=720x400, Using fallback buffer since no source bitmap is provided
00:06:41.286957 GUI: UIFrameBufferPrivate::performResize: Size=720x400, Using fallback buffer since no source bitmap is provided
00:06:41.306601 GUI: UIFrameBufferPrivate::performResize: Size=720x400, Using fallback buffer since no source bitmap is provided
00:06:41.326503 GUI: UIFrameBufferPrivate::performResize: Size=720x400, Using fallback buffer since no source bitmap is provided
00:06:41.346804 GUI: UIFrameBufferPrivate::performResize: Size=720x400, Using fallback buffer since no source bitmap is provided
00:06:41.534655 GUI: UIFrameBufferPrivate::performResize: Size=720x400, Using fallback buffer since no source bitmap is provided
00:06:41.554175 GUI: UIFrameBufferPrivate::performResize: Size=720x400, Using fallback buffer since no source bitmap is provided
00:06:41.574128 GUI: UIFrameBufferPrivate::performResize: Size=720x400, Using fallback buffer since no source bitmap is provided
00:06:41.594269 GUI: UIFrameBufferPrivate::performResize: Size=720x400, Using fallback buffer since no source bitmap is provided
00:06:41.614237 GUI: UIFrameBufferPrivate::performResize: Size=720x400, Using fallback buffer since no source bitmap is provided
00:06:41.657392 GUI: UIFrameBufferPrivate::performResize: Size=720x400, Using fallback buffer since no source bitmap is provided
00:06:41.677160 GUI: UIFrameBufferPrivate::performResize: Size=720x400, Using fallback buffer since no source bitmap is provided
00:06:41.697345 GUI: UIFrameBufferPrivate::performResize: Size=720x400, Using fallback buffer since no source bitmap is provided
00:06:41.717233 GUI: UIFrameBufferPrivate::performResize: Size=720x400, Using fallback buffer since no source bitmap is provided
00:06:41.737335 GUI: UIFrameBufferPrivate::performResize: Size=720x400, Using fallback buffer since no source bitmap is provided
00:06:41.757299 GUI: UIFrameBufferPrivate::performResize: Size=720x400, Using fallback buffer since no source bitmap is provided
00:06:41.778174 GUI: UIFrameBufferPrivate::performResize: Size=720x400, Using fallback buffer since no source bitmap is provided
00:06:41.799383 GUI: UIFrameBufferPrivate::performResize: Size=720x400, Using fallback buffer since no source bitmap is provided
00:06:41.819845 GUI: UIFrameBufferPrivate::performResize: Size=720x400, Using fallback buffer since no source bitmap is provided
00:06:41.839835 GUI: UIFrameBufferPrivate::performResize: Size=720x400, Using fallback buffer since no source bitmap is provided
00:06:41.859515 GUI: UIFrameBufferPrivate::performResize: Size=720x400, Using fallback buffer since no source bitmap is provided
00:06:41.879185 GUI: UIFrameBufferPrivate::performResize: Size=720x400, Using fallback buffer since no source bitmap is provided
00:06:41.899229 GUI: UIFrameBufferPrivate::performResize: Size=720x400, Using fallback buffer since no source bitmap is provided
00:06:41.919239 GUI: UIFrameBufferPrivate::performResize: Size=720x400, Using fallback buffer since no source bitmap is provided
00:06:41.939321 GUI: UIFrameBufferPrivate::performResize: Size=720x400, Using fallback buffer since no source bitmap is provided
00:06:41.959240 GUI: UIFrameBufferPrivate::performResize: Size=720x400, Using fallback buffer since no source bitmap is provided
00:06:41.979204 GUI: UIFrameBufferPrivate::performResize: Size=720x400, Using fallback buffer since no source bitmap is provided
00:06:41.999889 GUI: UIFrameBufferPrivate::performResize: Size=720x400, Using fallback buffer since no source bitmap is provided
00:06:42.019844 GUI: UIFrameBufferPrivate::performResize: Size=720x400, Using fallback buffer since no source bitmap is provided
00:06:42.042243 GUI: UIFrameBufferPrivate::performResize: Size=720x400, Using fallback buffer since no source bitmap is provided
00:06:42.062606 GUI: UIFrameBufferPrivate::performResize: Size=720x400, Using fallback buffer since no source bitmap is provided
00:06:42.082621 GUI: UIFrameBufferPrivate::performResize: Size=720x400, Using fallback buffer since no source bitmap is provided
00:06:42.102303 GUI: UIFrameBufferPrivate::performResize: Size=720x400, Using fallback buffer since no source bitmap is provided
00:06:42.122825 GUI: UIFrameBufferPrivate::performResize: Size=720x400, Using fallback buffer since no source bitmap is provided
00:06:42.128903 GUI: UIFrameBufferPrivate::performResize: Size=1280x800, Using fallback buffer since no source bitmap is provided
00:06:42.414919 GUI: UISession::sltAdditionsChange: GA state doesn't really changed, still notifying listeners.
00:06:42.414929 GUI: UIMachineLogicNormal::sltCheckForRequestedVisualStateType: Requested-state=1, Machine-state=6
00:06:42.415561 GUI: UISession::sltAdditionsChange: GA state doesn't really changed, still notifying listeners.
00:06:42.415569 GUI: UIMachineLogicNormal::sltCheckForRequestedVisualStateType: Requested-state=1, Machine-state=6
00:06:42.416359 GUI: UISession::sltAdditionsChange: GA state really changed, notifying listeners.
00:06:42.416377 GUI: UIMachineViewNormal::adjustGuestScreenSize: Adjust guest-screen size if necessary
00:06:42.416424 GUI: UIMachineLogicNormal::sltCheckForRequestedVisualStateType: Requested-state=1, Machine-state=6
00:06:42.453834 GUI: UIMediumEnumerator: Medium-enumeration finished!
00:06:58.009190 GUI: UISession::sltAdditionsChange: GA state doesn't really changed, still notifying listeners.
00:06:58.009205 GUI: UIMachineLogicNormal::sltCheckForRequestedVisualStateType: Requested-state=1, Machine-state=6
00:06:58.054012 GUI: UISession::sltAdditionsChange: GA state doesn't really changed, still notifying listeners.
00:06:58.054020 GUI: UIMachineLogicNormal::sltCheckForRequestedVisualStateType: Requested-state=1, Machine-state=6
00:06:58.054623 GUI: UISession::sltAdditionsChange: GA state doesn't really changed, still notifying listeners.
00:06:58.054634 GUI: UIMachineLogicNormal::sltCheckForRequestedVisualStateType: Requested-state=1, Machine-state=6
00:06:58.084107 GUI: UISession::sltAdditionsChange: GA state doesn't really changed, still notifying listeners.
00:06:58.084117 GUI: UIMachineLogicNormal::sltCheckForRequestedVisualStateType: Requested-state=1, Machine-state=6
00:06:58.088024 GUI: UISession::sltAdditionsChange: GA state really changed, notifying listeners.
00:06:58.088052 GUI: UIMachineViewNormal::adjustGuestScreenSize: Adjust guest-screen size if necessary
00:06:58.088096 GUI: UIMachineLogicNormal::sltCheckForRequestedVisualStateType: Requested-state=1, Machine-state=6
00:06:58.089094 GUI: UISession::sltAdditionsChange: GA state really changed, notifying listeners.
00:06:58.089105 GUI: UIMachineViewNormal::adjustGuestScreenSize: Adjust guest-screen size if necessary
00:06:58.089147 GUI: UIMachineLogicNormal::sltCheckForRequestedVisualStateType: Requested-state=1, Machine-state=6
00:06:58.616219 GUI: UIFrameBufferPrivate::performResize: Size=1280x800, Using fallback buffer since no source bitmap is provided
00:06:58.618809 GUI: UIFrameBufferPrivate::performResize: Size=800x600, Using fallback buffer since no source bitmap is provided
00:06:58.636233 GUI: UIMachineLogic: Guest-screen count changed
00:06:58.947534 GUI: UIMachineView::sltPerformGuestResize: Omitting to send size-hint 800x600 to guest-screen 0 because frame-buffer is already of the same size.
00:06:58.949012 GUI: UIMediumEnumerator: Medium-enumeration finished!
00:07:25.257308 GUI: UISession::sltAdditionsChange: GA state really changed, notifying listeners.
00:07:25.257339 GUI: UIMachineViewNormal::adjustGuestScreenSize: Adjust guest-screen size if necessary
00:07:25.257411 GUI: UIMachineLogicNormal::sltCheckForRequestedVisualStateType: Requested-state=1, Machine-state=6
00:07:27.668572 GUI: UIMachineView::sltPerformGuestResize: Sending guest size-hint to screen 0 as 1920x955
00:07:27.670619 GUI: UIMediumEnumerator: Medium-enumeration finished!
00:07:27.688834 GUI: UIMediumEnumerator: Medium-enumeration finished!
00:07:27.895880 GUI: UIFrameBufferPrivate::performResize: Size=800x600, Using fallback buffer since no source bitmap is provided
00:07:27.901184 GUI: UIFrameBufferPrivate::performResize: Size=1920x955, Using fallback buffer since no source bitmap is provided
00:07:27.908950 GUI: UIMachineLogic: Guest-screen count changed
00:09:57.826048 GUI: UISession::sltAdditionsChange: GA state really changed, notifying listeners.
00:09:57.826081 GUI: UIMachineViewNormal::adjustGuestScreenSize: Adjust guest-screen size if necessary
00:09:57.826220 GUI: UIMachineLogicNormal::sltCheckForRequestedVisualStateType: Requested-state=1, Machine-state=6
00:09:57.887798 GUI: UISession::sltAdditionsChange: GA state really changed, notifying listeners.
00:09:57.887823 GUI: UIMachineViewNormal::adjustGuestScreenSize: Adjust guest-screen size if necessary
00:09:57.887860 GUI: UIMachineLogicNormal::sltCheckForRequestedVisualStateType: Requested-state=1, Machine-state=6
00:09:57.898182 GUI: UISession::sltAdditionsChange: GA state doesn't really changed, still notifying listeners.
00:09:57.898189 GUI: UIMachineLogicNormal::sltCheckForRequestedVisualStateType: Requested-state=1, Machine-state=6
00:09:57.898419 GUI: UISession::sltAdditionsChange: GA state doesn't really changed, still notifying listeners.
00:09:57.898424 GUI: UIMachineLogicNormal::sltCheckForRequestedVisualStateType: Requested-state=1, Machine-state=6
00:09:57.930870 GUI: UIFrameBufferPrivate::performResize: Size=1920x955, Using fallback buffer since no source bitmap is provided
00:09:57.933386 GUI: UIFrameBufferPrivate::performResize: Size=1280x800, Using fallback buffer since no source bitmap is provided
00:09:57.951056 GUI: UIMachineLogic: Guest-screen count changed
00:09:58.126991 GUI: UIFrameBufferPrivate::performResize: Size=1280x800, Using fallback buffer since no source bitmap is provided
00:09:58.128393 GUI: UIFrameBufferPrivate::performResize: Size=1920x955, Using fallback buffer since no source bitmap is provided
00:09:58.147286 GUI: UIMachineLogic: Guest-screen count changed
00:10:01.033344 GUI: UISession::sltAdditionsChange: GA state really changed, notifying listeners.
00:10:01.033367 GUI: UIMachineViewNormal::adjustGuestScreenSize: Adjust guest-screen size if necessary
00:10:01.033419 GUI: UIMachineLogicNormal::sltCheckForRequestedVisualStateType: Requested-state=1, Machine-state=6
00:10:01.169981 GUI: UIFrameBufferPrivate::performResize: Size=1920x955, Using fallback buffer since no source bitmap is provided
00:10:01.172688 GUI: UISession::sltAdditionsChange: GA state really changed, notifying listeners.
00:10:01.172703 GUI: UIMachineViewNormal::adjustGuestScreenSize: Adjust guest-screen size if necessary
00:10:01.172733 GUI: UIMachineLogicNormal::sltCheckForRequestedVisualStateType: Requested-state=1, Machine-state=6
00:10:01.172740 GUI: UIFrameBufferPrivate::performResize: Size=720x400, Using fallback buffer since no source bitmap is provided
00:10:01.184836 GUI: UIMachineLogic: Guest-screen count changed
00:10:01.804662 GUI: UIFrameBufferPrivate::performResize: Size=720x400, Using fallback buffer since no source bitmap is provided
00:10:01.842286 GUI: UIFrameBufferPrivate::performResize: Size=640x480, Using fallback buffer since no source bitmap is provided
00:10:03.880232 GUI: UIFrameBufferPrivate::performResize: Size=720x400, Using fallback buffer since no source bitmap is provided
00:10:03.900878 GUI: UIFrameBufferPrivate::performResize: Size=720x400, Using fallback buffer since no source bitmap is provided
00:10:03.921719 GUI: UIFrameBufferPrivate::performResize: Size=720x400, Using fallback buffer since no source bitmap is provided
00:10:03.942677 GUI: UIFrameBufferPrivate::performResize: Size=720x400, Using fallback buffer since no source bitmap is provided
00:10:03.963689 GUI: UIFrameBufferPrivate::performResize: Size=720x400, Using fallback buffer since no source bitmap is provided
00:10:03.984273 GUI: UIFrameBufferPrivate::performResize: Size=720x400, Using fallback buffer since no source bitmap is provided
00:10:04.004939 GUI: UIFrameBufferPrivate::performResize: Size=720x400, Using fallback buffer since no source bitmap is provided
00:10:04.025527 GUI: UIFrameBufferPrivate::performResize: Size=720x400, Using fallback buffer since no source bitmap is provided
00:10:04.046052 GUI: UIFrameBufferPrivate::performResize: Size=720x400, Using fallback buffer since no source bitmap is provided
00:10:04.066691 GUI: UIFrameBufferPrivate::performResize: Size=720x400, Using fallback buffer since no source bitmap is provided
00:10:04.087315 GUI: UIFrameBufferPrivate::performResize: Size=720x400, Using fallback buffer since no source bitmap is provided
00:10:04.108339 GUI: UIFrameBufferPrivate::performResize: Size=720x400, Using fallback buffer since no source bitmap is provided
00:10:04.128923 GUI: UIFrameBufferPrivate::performResize: Size=720x400, Using fallback buffer since no source bitmap is provided
00:10:04.149752 GUI: UIFrameBufferPrivate::performResize: Size=720x400, Using fallback buffer since no source bitmap is provided
00:10:04.170511 GUI: UIFrameBufferPrivate::performResize: Size=720x400, Using fallback buffer since no source bitmap is provided
00:10:04.191154 GUI: UIFrameBufferPrivate::performResize: Size=720x400, Using fallback buffer since no source bitmap is provided
00:10:04.211750 GUI: UIFrameBufferPrivate::performResize: Size=720x400, Using fallback buffer since no source bitmap is provided
00:10:04.232253 GUI: UIFrameBufferPrivate::performResize: Size=640x480, Using fallback buffer since no source bitmap is provided
00:10:05.544249 GUI: UIFrameBufferPrivate::performResize: Size=720x400, Using fallback buffer since no source bitmap is provided
00:10:05.564623 GUI: UIFrameBufferPrivate::performResize: Size=720x400, Using fallback buffer since no source bitmap is provided
00:10:05.585201 GUI: UIFrameBufferPrivate::performResize: Size=720x400, Using fallback buffer since no source bitmap is provided
00:10:05.605836 GUI: UIFrameBufferPrivate::performResize: Size=720x400, Using fallback buffer since no source bitmap is provided
00:10:05.626455 GUI: UIFrameBufferPrivate::performResize: Size=720x400, Using fallback buffer since no source bitmap is provided
00:10:05.646986 GUI: UIFrameBufferPrivate::performResize: Size=720x400, Using fallback buffer since no source bitmap is provided
00:10:05.667772 GUI: UIFrameBufferPrivate::performResize: Size=720x400, Using fallback buffer since no source bitmap is provided
00:10:05.688199 GUI: UIFrameBufferPrivate::performResize: Size=720x400, Using fallback buffer since no source bitmap is provided
00:10:05.733412 GUI: UIFrameBufferPrivate::performResize: Size=720x400, Using fallback buffer since no source bitmap is provided
00:10:05.753894 GUI: UIFrameBufferPrivate::performResize: Size=720x400, Using fallback buffer since no source bitmap is provided
00:10:05.773432 GUI: UIFrameBufferPrivate::performResize: Size=720x400, Using fallback buffer since no source bitmap is provided
00:10:05.793137 GUI: UIFrameBufferPrivate::performResize: Size=720x400, Using fallback buffer since no source bitmap is provided
00:10:05.813423 GUI: UIFrameBufferPrivate::performResize: Size=720x400, Using fallback buffer since no source bitmap is provided
00:10:05.833393 GUI: UIFrameBufferPrivate::performResize: Size=720x400, Using fallback buffer since no source bitmap is provided
00:10:05.853752 GUI: UIFrameBufferPrivate::performResize: Size=720x400, Using fallback buffer since no source bitmap is provided
00:10:05.873713 GUI: UIFrameBufferPrivate::performResize: Size=720x400, Using fallback buffer since no source bitmap is provided
00:10:05.894211 GUI: UIFrameBufferPrivate::performResize: Size=720x400, Using fallback buffer since no source bitmap is provided
00:10:05.915037 GUI: UIFrameBufferPrivate::performResize: Size=720x400, Using fallback buffer since no source bitmap is provided
00:10:05.935668 GUI: UIFrameBufferPrivate::performResize: Size=720x400, Using fallback buffer since no source bitmap is provided
00:10:05.955142 GUI: UIFrameBufferPrivate::performResize: Size=720x400, Using fallback buffer since no source bitmap is provided
00:10:05.975955 GUI: UIFrameBufferPrivate::performResize: Size=720x400, Using fallback buffer since no source bitmap is provided
00:10:05.995155 GUI: UIFrameBufferPrivate::performResize: Size=720x400, Using fallback buffer since no source bitmap is provided
00:10:06.227316 GUI: UIFrameBufferPrivate::performResize: Size=720x400, Using fallback buffer since no source bitmap is provided
00:10:06.247350 GUI: UIFrameBufferPrivate::performResize: Size=720x400, Using fallback buffer since no source bitmap is provided
00:10:06.286793 GUI: UIFrameBufferPrivate::performResize: Size=720x400, Using fallback buffer since no source bitmap is provided
00:10:06.306790 GUI: UIFrameBufferPrivate::performResize: Size=720x400, Using fallback buffer since no source bitmap is provided
00:10:06.327239 GUI: UIFrameBufferPrivate::performResize: Size=720x400, Using fallback buffer since no source bitmap is provided
00:10:06.348458 GUI: UIFrameBufferPrivate::performResize: Size=720x400, Using fallback buffer since no source bitmap is provided
00:10:06.368504 GUI: UIFrameBufferPrivate::performResize: Size=720x400, Using fallback buffer since no source bitmap is provided
00:10:06.389396 GUI: UIFrameBufferPrivate::performResize: Size=720x400, Using fallback buffer since no source bitmap is provided
00:10:06.409519 GUI: UIFrameBufferPrivate::performResize: Size=720x400, Using fallback buffer since no source bitmap is provided
00:10:06.430367 GUI: UIFrameBufferPrivate::performResize: Size=720x400, Using fallback buffer since no source bitmap is provided
00:10:06.536402 GUI: UIFrameBufferPrivate::performResize: Size=720x400, Using fallback buffer since no source bitmap is provided
00:10:06.557012 GUI: UIFrameBufferPrivate::performResize: Size=720x400, Using fallback buffer since no source bitmap is provided
00:10:06.582264 GUI: UIFrameBufferPrivate::performResize: Size=720x400, Using fallback buffer since no source bitmap is provided
00:10:06.602197 GUI: UIFrameBufferPrivate::performResize: Size=720x400, Using fallback buffer since no source bitmap is provided
00:10:06.624589 GUI: UIFrameBufferPrivate::performResize: Size=720x400, Using fallback buffer since no source bitmap is provided
00:10:06.644350 GUI: UIFrameBufferPrivate::performResize: Size=720x400, Using fallback buffer since no source bitmap is provided
00:10:06.668576 GUI: UIFrameBufferPrivate::performResize: Size=720x400, Using fallback buffer since no source bitmap is provided
00:10:06.688829 GUI: UIFrameBufferPrivate::performResize: Size=720x400, Using fallback buffer since no source bitmap is provided
00:10:06.709480 GUI: UIFrameBufferPrivate::performResize: Size=720x400, Using fallback buffer since no source bitmap is provided
00:10:06.783088 GUI: UIFrameBufferPrivate::performResize: Size=720x400, Using fallback buffer since no source bitmap is provided
00:10:06.813243 GUI: UIFrameBufferPrivate::performResize: Size=720x400, Using fallback buffer since no source bitmap is provided
00:10:06.873661 GUI: UIFrameBufferPrivate::performResize: Size=720x400, Using fallback buffer since no source bitmap is provided
00:10:06.895617 GUI: UIFrameBufferPrivate::performResize: Size=720x400, Using fallback buffer since no source bitmap is provided
00:10:06.916265 GUI: UIFrameBufferPrivate::performResize: Size=720x400, Using fallback buffer since no source bitmap is provided
00:10:06.937095 GUI: UIFrameBufferPrivate::performResize: Size=720x400, Using fallback buffer since no source bitmap is provided
00:10:06.957420 GUI: UIFrameBufferPrivate::performResize: Size=720x400, Using fallback buffer since no source bitmap is provided
00:10:06.978021 GUI: UIFrameBufferPrivate::performResize: Size=720x400, Using fallback buffer since no source bitmap is provided
00:10:06.998494 GUI: UIFrameBufferPrivate::performResize: Size=720x400, Using fallback buffer since no source bitmap is provided
00:10:07.075761 GUI: UIFrameBufferPrivate::performResize: Size=720x400, Using fallback buffer since no source bitmap is provided
00:10:07.409125 GUI: UIFrameBufferPrivate::performResize: Size=720x400, Using fallback buffer since no source bitmap is provided
00:10:07.433019 GUI: UIFrameBufferPrivate::performResize: Size=720x400, Using fallback buffer since no source bitmap is provided
00:10:07.453647 GUI: UIFrameBufferPrivate::performResize: Size=720x400, Using fallback buffer since no source bitmap is provided
00:10:07.474249 GUI: UIFrameBufferPrivate::performResize: Size=720x400, Using fallback buffer since no source bitmap is provided
00:10:07.495224 GUI: UIFrameBufferPrivate::performResize: Size=720x400, Using fallback buffer since no source bitmap is provided
00:10:07.515432 GUI: UIFrameBufferPrivate::performResize: Size=720x400, Using fallback buffer since no source bitmap is provided
00:10:07.541555 GUI: UIFrameBufferPrivate::performResize: Size=720x400, Using fallback buffer since no source bitmap is provided
00:10:07.561823 GUI: UIFrameBufferPrivate::performResize: Size=720x400, Using fallback buffer since no source bitmap is provided
00:10:07.581845 GUI: UIFrameBufferPrivate::performResize: Size=720x400, Using fallback buffer since no source bitmap is provided
00:10:07.601563 GUI: UIFrameBufferPrivate::performResize: Size=720x400, Using fallback buffer since no source bitmap is provided
00:10:07.621906 GUI: UIFrameBufferPrivate::performResize: Size=720x400, Using fallback buffer since no source bitmap is provided
00:10:07.641913 GUI: UIFrameBufferPrivate::performResize: Size=720x400, Using fallback buffer since no source bitmap is provided
00:10:07.661804 GUI: UIFrameBufferPrivate::performResize: Size=720x400, Using fallback buffer since no source bitmap is provided
00:10:07.681606 GUI: UIFrameBufferPrivate::performResize: Size=720x400, Using fallback buffer since no source bitmap is provided
00:10:07.701552 GUI: UIFrameBufferPrivate::performResize: Size=720x400, Using fallback buffer since no source bitmap is provided
00:10:07.721226 GUI: UIFrameBufferPrivate::performResize: Size=720x400, Using fallback buffer since no source bitmap is provided
00:10:07.741760 GUI: UIFrameBufferPrivate::performResize: Size=720x400, Using fallback buffer since no source bitmap is provided
00:10:07.761123 GUI: UIFrameBufferPrivate::performResize: Size=720x400, Using fallback buffer since no source bitmap is provided
00:10:07.781472 GUI: UIFrameBufferPrivate::performResize: Size=720x400, Using fallback buffer since no source bitmap is provided
00:10:07.801209 GUI: UIFrameBufferPrivate::performResize: Size=720x400, Using fallback buffer since no source bitmap is provided
00:10:07.821238 GUI: UIFrameBufferPrivate::performResize: Size=720x400, Using fallback buffer since no source bitmap is provided
00:10:07.841300 GUI: UIFrameBufferPrivate::performResize: Size=720x400, Using fallback buffer since no source bitmap is provided
00:10:07.861931 GUI: UIFrameBufferPrivate::performResize: Size=720x400, Using fallback buffer since no source bitmap is provided
00:10:07.881305 GUI: UIFrameBufferPrivate::performResize: Size=720x400, Using fallback buffer since no source bitmap is provided
00:10:07.901175 GUI: UIFrameBufferPrivate::performResize: Size=720x400, Using fallback buffer since no source bitmap is provided
00:10:07.921594 GUI: UIFrameBufferPrivate::performResize: Size=720x400, Using fallback buffer since no source bitmap is provided
00:10:07.941432 GUI: UIFrameBufferPrivate::performResize: Size=720x400, Using fallback buffer since no source bitmap is provided
00:10:07.961171 GUI: UIFrameBufferPrivate::performResize: Size=720x400, Using fallback buffer since no source bitmap is provided
00:10:07.981693 GUI: UIFrameBufferPrivate::performResize: Size=720x400, Using fallback buffer since no source bitmap is provided
00:10:08.001291 GUI: UIFrameBufferPrivate::performResize: Size=720x400, Using fallback buffer since no source bitmap is provided
00:10:08.021885 GUI: UIFrameBufferPrivate::performResize: Size=720x400, Using fallback buffer since no source bitmap is provided
00:10:08.041121 GUI: UIFrameBufferPrivate::performResize: Size=720x400, Using fallback buffer since no source bitmap is provided
00:10:08.061182 GUI: UIFrameBufferPrivate::performResize: Size=720x400, Using fallback buffer since no source bitmap is provided
00:10:08.081681 GUI: UIFrameBufferPrivate::performResize: Size=720x400, Using fallback buffer since no source bitmap is provided
00:10:08.102391 GUI: UIFrameBufferPrivate::performResize: Size=720x400, Using fallback buffer since no source bitmap is provided
00:10:08.122969 GUI: UIFrameBufferPrivate::performResize: Size=720x400, Using fallback buffer since no source bitmap is provided
00:10:08.142548 GUI: UIFrameBufferPrivate::performResize: Size=720x400, Using fallback buffer since no source bitmap is provided
00:10:08.162157 GUI: UIFrameBufferPrivate::performResize: Size=720x400, Using fallback buffer since no source bitmap is provided
00:10:08.182116 GUI: UIFrameBufferPrivate::performResize: Size=720x400, Using fallback buffer since no source bitmap is provided
00:10:08.202184 GUI: UIFrameBufferPrivate::performResize: Size=720x400, Using fallback buffer since no source bitmap is provided
00:10:08.222166 GUI: UIFrameBufferPrivate::performResize: Size=720x400, Using fallback buffer since no source bitmap is provided
00:10:08.242265 GUI: UIFrameBufferPrivate::performResize: Size=720x400, Using fallback buffer since no source bitmap is provided
00:10:08.262239 GUI: UIFrameBufferPrivate::performResize: Size=720x400, Using fallback buffer since no source bitmap is provided
00:10:08.282184 GUI: UIFrameBufferPrivate::performResize: Size=720x400, Using fallback buffer since no source bitmap is provided
00:10:08.302153 GUI: UIFrameBufferPrivate::performResize: Size=720x400, Using fallback buffer since no source bitmap is provided
00:10:08.322538 GUI: UIFrameBufferPrivate::performResize: Size=720x400, Using fallback buffer since no source bitmap is provided
00:10:08.342311 GUI: UIFrameBufferPrivate::performResize: Size=720x400, Using fallback buffer since no source bitmap is provided
00:10:08.362152 GUI: UIFrameBufferPrivate::performResize: Size=720x400, Using fallback buffer since no source bitmap is provided
00:10:08.382227 GUI: UIFrameBufferPrivate::performResize: Size=720x400, Using fallback buffer since no source bitmap is provided
00:10:08.402238 GUI: UIFrameBufferPrivate::performResize: Size=720x400, Using fallback buffer since no source bitmap is provided
00:10:08.422228 GUI: UIFrameBufferPrivate::performResize: Size=720x400, Using fallback buffer since no source bitmap is provided
00:10:08.442371 GUI: UIFrameBufferPrivate::performResize: Size=720x400, Using fallback buffer since no source bitmap is provided
00:10:08.462850 GUI: UIFrameBufferPrivate::performResize: Size=720x400, Using fallback buffer since no source bitmap is provided
00:10:08.482505 GUI: UIFrameBufferPrivate::performResize: Size=720x400, Using fallback buffer since no source bitmap is provided
00:10:08.503143 GUI: UIFrameBufferPrivate::performResize: Size=720x400, Using fallback buffer since no source bitmap is provided
00:10:08.523879 GUI: UIFrameBufferPrivate::performResize: Size=720x400, Using fallback buffer since no source bitmap is provided
00:10:08.549893 GUI: UIFrameBufferPrivate::performResize: Size=720x400, Using fallback buffer since no source bitmap is provided
00:10:08.569363 GUI: UIFrameBufferPrivate::performResize: Size=720x400, Using fallback buffer since no source bitmap is provided
00:10:08.589454 GUI: UIFrameBufferPrivate::performResize: Size=720x400, Using fallback buffer since no source bitmap is provided
00:10:08.609865 GUI: UIFrameBufferPrivate::performResize: Size=720x400, Using fallback buffer since no source bitmap is provided
00:10:08.621932 GUI: UIFrameBufferPrivate::performResize: Size=1280x800, Using fallback buffer since no source bitmap is provided
00:10:08.890888 GUI: UISession::sltAdditionsChange: GA state doesn't really changed, still notifying listeners.
00:10:08.890901 GUI: UIMachineLogicNormal::sltCheckForRequestedVisualStateType: Requested-state=1, Machine-state=6
00:10:08.891018 GUI: UISession::sltAdditionsChange: GA state doesn't really changed, still notifying listeners.
00:10:08.891027 GUI: UIMachineLogicNormal::sltCheckForRequestedVisualStateType: Requested-state=1, Machine-state=6
00:10:08.891577 GUI: UISession::sltAdditionsChange: GA state really changed, notifying listeners.
00:10:08.891593 GUI: UIMachineViewNormal::adjustGuestScreenSize: Adjust guest-screen size if necessary
00:10:08.891644 GUI: UIMachineLogicNormal::sltCheckForRequestedVisualStateType: Requested-state=1, Machine-state=6
00:10:18.779750 GUI: UISession::sltAdditionsChange: GA state doesn't really changed, still notifying listeners.
00:10:18.779772 GUI: UIMachineLogicNormal::sltCheckForRequestedVisualStateType: Requested-state=1, Machine-state=6
00:10:18.815290 GUI: UISession::sltAdditionsChange: GA state doesn't really changed, still notifying listeners.
00:10:18.815301 GUI: UIMachineLogicNormal::sltCheckForRequestedVisualStateType: Requested-state=1, Machine-state=6
00:10:18.815799 GUI: UISession::sltAdditionsChange: GA state doesn't really changed, still notifying listeners.
00:10:18.815806 GUI: UIMachineLogicNormal::sltCheckForRequestedVisualStateType: Requested-state=1, Machine-state=6
00:10:18.849064 GUI: UISession::sltAdditionsChange: GA state doesn't really changed, still notifying listeners.
00:10:18.849088 GUI: UIMachineLogicNormal::sltCheckForRequestedVisualStateType: Requested-state=1, Machine-state=6
00:10:18.856173 GUI: UISession::sltAdditionsChange: GA state really changed, notifying listeners.
00:10:18.856192 GUI: UIMachineViewNormal::adjustGuestScreenSize: Adjust guest-screen size if necessary
00:10:18.856228 GUI: UIMachineLogicNormal::sltCheckForRequestedVisualStateType: Requested-state=1, Machine-state=6
00:10:18.856428 GUI: UISession::sltAdditionsChange: GA state really changed, notifying listeners.
00:10:18.856446 GUI: UIMachineViewNormal::adjustGuestScreenSize: Adjust guest-screen size if necessary
00:10:18.856477 GUI: UIMachineLogicNormal::sltCheckForRequestedVisualStateType: Requested-state=1, Machine-state=6
00:10:19.452352 GUI: UIFrameBufferPrivate::performResize: Size=1280x800, Using fallback buffer since no source bitmap is provided
00:10:19.459501 GUI: UIFrameBufferPrivate::performResize: Size=1920x955, Using fallback buffer since no source bitmap is provided
00:10:19.473346 GUI: UIMachineLogic: Guest-screen count changed
00:10:50.813327 GUI: UISession::sltAdditionsChange: GA state really changed, notifying listeners.
00:10:50.813367 GUI: UIMachineViewNormal::adjustGuestScreenSize: Adjust guest-screen size if necessary
00:10:50.813471 GUI: UIMachineLogicNormal::sltCheckForRequestedVisualStateType: Requested-state=1, Machine-state=6
00:14:43.255476 GUI: UIMachineView::sltPerformGuestResize: Sending guest size-hint to screen 0 as 800x600
00:14:43.259707 GUI: UIMediumEnumerator: Medium-enumeration finished!
00:14:43.498529 GUI: UIFrameBufferPrivate::performResize: Size=1920x955, Using fallback buffer since no source bitmap is provided
00:14:43.500844 GUI: UIFrameBufferPrivate::performResize: Size=800x600, Using fallback buffer since no source bitmap is provided
00:14:43.504855 GUI: UIMachineLogic: Guest-screen count changed
00:14:44.134614 GUI: UIMediumEnumerator: Medium-enumeration finished!
00:14:45.130706 GUI: UIMachineView::sltPerformGuestResize: Sending guest size-hint to screen 0 as 1920x955
00:14:45.131751 GUI: UIMediumEnumerator: Medium-enumeration finished!
00:14:45.141616 GUI: UIMediumEnumerator: Medium-enumeration finished!
00:14:45.248252 GUI: UIFrameBufferPrivate::performResize: Size=800x600, Using fallback buffer since no source bitmap is provided
00:14:45.253131 GUI: UIFrameBufferPrivate::performResize: Size=1920x955, Using fallback buffer since no source bitmap is provided
00:14:45.261798 GUI: UIMachineLogic: Guest-screen count changed
00:16:23.340075 GUI: UIMediumEnumerator: Medium-enumeration finished!
00:16:23.348581 GUI: UIMediumEnumerator: Medium-enumeration finished!
00:17:21.886245 GUI: UIMediumEnumerator: Medium-enumeration finished!
00:17:21.889782 GUI: UIMediumEnumerator: Medium-enumeration finished!
00:17:36.814705 GUI: UIMultiScreenLayout::update: GUI/AutomountGuestScreens is disabled
00:17:36.826874 DnD: User Interface Privilege Isolation (UIPI) is running with SECURITY_MANDATORY_HIGH_RID
00:17:36.826882 DnD: Warning: The VM process' integrity level is higher than most regular processes on the system. This means that drag'n drop most likely will not work with other applications!
00:17:36.853872 GUI: UIMachineViewFullscreen::adjustGuestScreenSize: Desired hint 1920x1080 for guest-screen #0 differs from the one in IDisplay, adjustment is required.
00:17:36.853887 GUI: UIMachineView::sltPerformGuestResize: Sending guest size-hint to screen 0 as 1920x1080
00:17:36.867637 GUI: UIFrameBufferPrivate::performResize: Size=1920x955, Using fallback buffer since no source bitmap is provided
00:17:36.870092 GUI: Show mini-toolbar for window #0
00:17:36.873126 GUI: Adjust mini-toolbar for window #0
00:17:36.873135 GUI:  Map mini-toolbar for window #0 to screen 1 of 2
00:17:36.873138 GUI:  Resize mini-toolbar for window #0 to 1920x1080
00:17:37.088621 GUI: UIFrameBufferPrivate::performResize: Size=1920x955, Using fallback buffer since no source bitmap is provided
00:17:37.091231 GUI: UIFrameBufferPrivate::performResize: Size=1920x1080, Using fallback buffer since no source bitmap is provided
00:17:37.105228 GUI: UIMachineLogicFullscreen: Guest-screen count changed
00:17:37.105340 GUI: UIMultiScreenLayout::update: GUI/AutomountGuestScreens is disabled
00:17:37.105402 GUI: UIMachineLogic: Guest-screen count changed
00:17:37.105475 GUI: UIMachineViewFullscreen::adjustGuestScreenSize: Desired hint 1920x1080 for guest-screen #0 is already in IDisplay, adjustment is not required.
00:18:39.640819 GUI: UISession::sltAdditionsChange: GA state really changed, notifying listeners.
00:18:39.640849 GUI: UIMachineLogicFullscreen: Additions-state actual-change event, rebuild multi-screen layout
00:18:39.641028 GUI: UIMultiScreenLayout::update: GUI/AutomountGuestScreens is disabled
00:18:39.641156 GUI: UIMachineViewFullscreen::adjustGuestScreenSize: Desired hint 1920x1080 for guest-screen #0 is already in IDisplay, adjustment is not required.
00:18:39.702999 GUI: UISession::sltAdditionsChange: GA state really changed, notifying listeners.
00:18:39.703028 GUI: UIMachineLogicFullscreen: Additions-state actual-change event, rebuild multi-screen layout
00:18:39.703194 GUI: UIMultiScreenLayout::update: GUI/AutomountGuestScreens is disabled
00:18:39.703283 GUI: UIMachineViewFullscreen::adjustGuestScreenSize: Desired hint 1920x1080 for guest-screen #0 is already in IDisplay, adjustment is not required.
00:18:39.707648 GUI: UIFrameBufferPrivate::performResize: Size=1920x1080, Using fallback buffer since no source bitmap is provided
00:18:39.709976 GUI: UIFrameBufferPrivate::performResize: Size=1280x800, Using fallback buffer since no source bitmap is provided
00:18:39.720100 GUI: UIMachineLogicFullscreen: Guest-screen count changed
00:18:39.720235 GUI: UIMultiScreenLayout::update: GUI/AutomountGuestScreens is disabled
00:18:39.720294 GUI: UIMachineLogic: Guest-screen count changed
00:18:39.720336 GUI: UIMachineViewFullscreen::adjustGuestScreenSize: Desired hint 1920x1080 for guest-screen #0 is already in IDisplay, adjustment is not required.
00:18:39.729607 GUI: UISession::sltAdditionsChange: GA state doesn't really changed, still notifying listeners.
00:18:39.729906 GUI: UISession::sltAdditionsChange: GA state doesn't really changed, still notifying listeners.
00:18:39.929660 GUI: UIFrameBufferPrivate::performResize: Size=1280x800, Using fallback buffer since no source bitmap is provided
00:18:39.930938 GUI: UIFrameBufferPrivate::performResize: Size=1920x1080, Using fallback buffer since no source bitmap is provided
00:18:39.939539 GUI: UIMachineLogicFullscreen: Guest-screen count changed
00:18:39.939660 GUI: UIMultiScreenLayout::update: GUI/AutomountGuestScreens is disabled
00:18:39.939727 GUI: UIMachineLogic: Guest-screen count changed
00:18:39.939828 GUI: UIMachineViewFullscreen::adjustGuestScreenSize: Desired hint 1920x1080 for guest-screen #0 is already in IDisplay, adjustment is not required.
00:18:42.833862 GUI: UISession::sltAdditionsChange: GA state really changed, notifying listeners.
00:18:42.833884 GUI: UIMachineLogicFullscreen: Additions-state actual-change event, rebuild multi-screen layout
00:18:42.834038 GUI: UIMultiScreenLayout::update: GUI/AutomountGuestScreens is disabled
00:18:42.834136 GUI: UIMachineViewFullscreen::adjustGuestScreenSize: Desired hint 1920x1080 for guest-screen #0 is already in IDisplay, adjustment is not required.
00:18:43.022630 GUI: UIFrameBufferPrivate::performResize: Size=1920x1080, Using fallback buffer since no source bitmap is provided
00:18:43.162975 GUI: Waiting for session to be unlocked to close Runtime UI..
00:18:43.186735 GUI: Request to close Runtime UI because session is unlocked.
00:18:43.186744 GUI: Request for async QApp quit.
00:18:43.190983 GUI: Cannot notify guest about VM window out-of-focus event
00:18:43.203619 GUI: UICommon: Handling aboutToQuit request..
00:18:43.967104 ERROR [COM]: aRC=E_UNEXPECTED (0x8000ffff) aIID={c0447716-ff5a-4795-b57a-ecd5fffa18a4} aComponent={SessionWrap} aText={The session is not locked (session state: Unlocked)}, preserve=false aResultDetail=0
00:18:43.967542 ERROR [COM]: aRC=E_UNEXPECTED (0x8000ffff) aIID={c0447716-ff5a-4795-b57a-ecd5fffa18a4} aComponent={SessionWrap} aText={The session is not locked (session state: Unlocked)}, preserve=false aResultDetail=0
00:18:43.971952 GUI: Hide mini-toolbar for window #0
00:18:43.978762 GUI: UICommon: aboutToQuit request handled!
